0    [main] DEBUG org.apache.cxf.common.logging.LogUtils  - Using org.apache.cxf.common.logging.Log4jLogger for logging.
201  [main] DEBUG org.apache.cxf.tools.wsdlto.core.PluginLoader  - Loading plugin jar:file:/C:/Users/ALE/.m2/repository/org/apache/cxf/cxf-bundle/3.0.0-milestone2/cxf-bundle-3.0.0-milestone2.jar!/META-INF/tools-plugin.xml
219  [main] DEBUG org.apache.cxf.tools.wsdlto.core.PluginLoader  - Found 3 frontends in <default> plugin.
220  [main] DEBUG org.apache.cxf.tools.wsdlto.core.PluginLoader  - Loading <jaxws> frontend from <default> plugin.
220  [main] DEBUG org.apache.cxf.tools.wsdlto.core.PluginLoader  - Loading <jaxws21> frontend from <default> plugin.
220  [main] DEBUG org.apache.cxf.tools.wsdlto.core.PluginLoader  - Loading <cxf> frontend from <default> plugin.
220  [main] DEBUG org.apache.cxf.tools.wsdlto.core.PluginLoader  - Found 10 databindings in <default> plugin.
220  [main] DEBUG org.apache.cxf.tools.wsdlto.core.PluginLoader  - Loading <source> databinding from <default> plugin.
220  [main] DEBUG org.apache.cxf.tools.wsdlto.core.PluginLoader  - Loading <domsource> databinding from <default> plugin.
220  [main] DEBUG org.apache.cxf.tools.wsdlto.core.PluginLoader  - Loading <staxsource> databinding from <default> plugin.
220  [main] DEBUG org.apache.cxf.tools.wsdlto.core.PluginLoader  - Loading <saxsource> databinding from <default> plugin.
220  [main] DEBUG org.apache.cxf.tools.wsdlto.core.PluginLoader  - Loading <jaxb> databinding from <default> plugin.
220  [main] DEBUG org.apache.cxf.tools.wsdlto.core.PluginLoader  - Loading <xmlbeans> databinding from <default> plugin.
220  [main] DEBUG org.apache.cxf.tools.wsdlto.core.PluginLoader  - Loading <jibx> databinding from <default> plugin.
220  [main] DEBUG org.apache.cxf.tools.wsdlto.core.PluginLoader  - Loading <sdo> databinding from <default> plugin.
220  [main] DEBUG org.apache.cxf.tools.wsdlto.core.PluginLoader  - Loading <sdo-dynamic> databinding from <default> plugin.
220  [main] DEBUG org.apache.cxf.tools.wsdlto.core.PluginLoader  - Loading <sdo-static> databinding from <default> plugin.
336  [main] DEBUG org.apache.cxf.tools.common.toolspec.parser.CommandLineParser  - Parsing arguments: -server -d src/main/java src/main/resources/SimpleService.wsdl 
343  [main] DEBUG org.apache.cxf.tools.common.toolspec.parser.CommandLineParser  - Found 0 alternative forms of usage, will use default form
344  [main] DEBUG org.apache.cxf.tools.common.toolspec.parser.Form  - Accepting token stream for form of usage: default, tokens are [ -server -d src/main/java src/main/resources/SimpleService.wsdl ]
344  [main] DEBUG org.apache.cxf.tools.common.toolspec.parser.Form  - Position is: 0
344  [main] DEBUG org.apache.cxf.tools.common.toolspec.parser.TokenInputStream  - Reading token -server
346  [main] DEBUG org.apache.cxf.tools.common.toolspec.parser.TokenInputStream  - Reading token -d
346  [main] DEBUG org.apache.cxf.tools.common.toolspec.parser.TokenInputStream  - Reading token src/main/java
346  [main] DEBUG org.apache.cxf.tools.common.toolspec.parser.TokenInputStream  - Reading token src/main/resources/SimpleService.wsdl
346  [main] DEBUG org.apache.cxf.tools.common.toolspec.parser.Form  - Args is available
346  [main] DEBUG org.apache.cxf.tools.common.toolspec.parser.OptionGroup  - Accepting token stream for optionGroup: options, tokens are now [ -server -d src/main/java src/main/resources/SimpleService.wsdl ], running through 37 options
346  [main] DEBUG org.apache.cxf.tools.common.toolspec.parser.TokenInputStream  - Peeking token -server
346  [main] DEBUG org.apache.cxf.tools.common.toolspec.parser.Option  - switchArg is -fe
346  [main] DEBUG org.apache.cxf.tools.common.toolspec.parser.Option  - switchArg is -frontend
346  [main] DEBUG org.apache.cxf.tools.common.toolspec.parser.TokenInputStream  - Peeking token -server
346  [main] DEBUG org.apache.cxf.tools.common.toolspec.parser.Option  - switchArg is -db
347  [main] DEBUG org.apache.cxf.tools.common.toolspec.parser.Option  - switchArg is -databinding
347  [main] DEBUG org.apache.cxf.tools.common.toolspec.parser.TokenInputStream  - Peeking token -server
347  [main] DEBUG org.apache.cxf.tools.common.toolspec.parser.Option  - switchArg is -wv
347  [main] DEBUG org.apache.cxf.tools.common.toolspec.parser.TokenInputStream  - Peeking token -server
347  [main] DEBUG org.apache.cxf.tools.common.toolspec.parser.Option  - switchArg is -p
347  [main] DEBUG org.apache.cxf.tools.common.toolspec.parser.TokenInputStream  - Peeking token -server
347  [main] DEBUG org.apache.cxf.tools.common.toolspec.parser.Option  - switchArg is -sn
347  [main] DEBUG org.apache.cxf.tools.common.toolspec.parser.TokenInputStream  - Peeking token -server
347  [main] DEBUG org.apache.cxf.tools.common.toolspec.parser.Option  - switchArg is -b
347  [main] DEBUG org.apache.cxf.tools.common.toolspec.parser.TokenInputStream  - Peeking token -server
350  [main] DEBUG org.apache.cxf.tools.common.toolspec.parser.Option  - switchArg is -reserveClass
350  [main] DEBUG org.apache.cxf.tools.common.toolspec.parser.TokenInputStream  - Peeking token -server
350  [main] DEBUG org.apache.cxf.tools.common.toolspec.parser.Option  - switchArg is -catalog
350  [main] DEBUG org.apache.cxf.tools.common.toolspec.parser.TokenInputStream  - Peeking token -server
350  [main] DEBUG org.apache.cxf.tools.common.toolspec.parser.Option  - switchArg is -d
350  [main] DEBUG org.apache.cxf.tools.common.toolspec.parser.TokenInputStream  - Peeking token -server
350  [main] DEBUG org.apache.cxf.tools.common.toolspec.parser.Option  - switchArg is -compile
350  [main] DEBUG org.apache.cxf.tools.common.toolspec.parser.TokenInputStream  - Peeking token -server
350  [main] DEBUG org.apache.cxf.tools.common.toolspec.parser.Option  - switchArg is -classdir
350  [main] DEBUG org.apache.cxf.tools.common.toolspec.parser.TokenInputStream  - Peeking token -server
350  [main] DEBUG org.apache.cxf.tools.common.toolspec.parser.Option  - switchArg is -impl
350  [main] DEBUG org.apache.cxf.tools.common.toolspec.parser.TokenInputStream  - Peeking token -server
350  [main] DEBUG org.apache.cxf.tools.common.toolspec.parser.Option  - switchArg is -server
350  [main] DEBUG org.apache.cxf.tools.common.toolspec.parser.Option  - Matches a switch!!!
350  [main] DEBUG org.apache.cxf.tools.common.toolspec.parser.TokenInputStream  - Reading token -server
350  [main] DEBUG org.apache.cxf.tools.common.toolspec.parser.OptionGroup  - Option server accepted the token
350  [main] DEBUG org.apache.cxf.tools.common.toolspec.parser.Form  - Args is available
350  [main] DEBUG org.apache.cxf.tools.common.toolspec.parser.OptionGroup  - Accepting token stream for optionGroup: options, tokens are now [ -d src/main/java src/main/resources/SimpleService.wsdl ], running through 37 options
350  [main] DEBUG org.apache.cxf.tools.common.toolspec.parser.TokenInputStream  - Peeking token -d
350  [main] DEBUG org.apache.cxf.tools.common.toolspec.parser.Option  - switchArg is -fe
350  [main] DEBUG org.apache.cxf.tools.common.toolspec.parser.Option  - switchArg is -frontend
351  [main] DEBUG org.apache.cxf.tools.common.toolspec.parser.TokenInputStream  - Peeking token -d
351  [main] DEBUG org.apache.cxf.tools.common.toolspec.parser.Option  - switchArg is -db
351  [main] DEBUG org.apache.cxf.tools.common.toolspec.parser.Option  - switchArg is -databinding
351  [main] DEBUG org.apache.cxf.tools.common.toolspec.parser.TokenInputStream  - Peeking token -d
351  [main] DEBUG org.apache.cxf.tools.common.toolspec.parser.Option  - switchArg is -wv
351  [main] DEBUG org.apache.cxf.tools.common.toolspec.parser.TokenInputStream  - Peeking token -d
351  [main] DEBUG org.apache.cxf.tools.common.toolspec.parser.Option  - switchArg is -p
351  [main] DEBUG org.apache.cxf.tools.common.toolspec.parser.TokenInputStream  - Peeking token -d
351  [main] DEBUG org.apache.cxf.tools.common.toolspec.parser.Option  - switchArg is -sn
351  [main] DEBUG org.apache.cxf.tools.common.toolspec.parser.TokenInputStream  - Peeking token -d
351  [main] DEBUG org.apache.cxf.tools.common.toolspec.parser.Option  - switchArg is -b
351  [main] DEBUG org.apache.cxf.tools.common.toolspec.parser.TokenInputStream  - Peeking token -d
351  [main] DEBUG org.apache.cxf.tools.common.toolspec.parser.Option  - switchArg is -reserveClass
351  [main] DEBUG org.apache.cxf.tools.common.toolspec.parser.TokenInputStream  - Peeking token -d
351  [main] DEBUG org.apache.cxf.tools.common.toolspec.parser.Option  - switchArg is -catalog
351  [main] DEBUG org.apache.cxf.tools.common.toolspec.parser.TokenInputStream  - Peeking token -d
351  [main] DEBUG org.apache.cxf.tools.common.toolspec.parser.Option  - switchArg is -d
351  [main] DEBUG org.apache.cxf.tools.common.toolspec.parser.Option  - Matches a switch!!!
351  [main] DEBUG org.apache.cxf.tools.common.toolspec.parser.TokenInputStream  - Reading token -d
351  [main] DEBUG org.apache.cxf.tools.common.toolspec.parser.TokenInputStream  - Reading token src/main/java
352  [main] DEBUG org.apache.cxf.tools.common.toolspec.parser.Option  - Setting argument value of option to src/main/java
352  [main] DEBUG org.apache.cxf.tools.common.toolspec.parser.OptionGroup  - Option outputdir accepted the token
352  [main] DEBUG org.apache.cxf.tools.common.toolspec.parser.Form  - Args is available
352  [main] DEBUG org.apache.cxf.tools.common.toolspec.parser.OptionGroup  - Accepting token stream for optionGroup: options, tokens are now [ src/main/resources/SimpleService.wsdl ], running through 37 options
352  [main] DEBUG org.apache.cxf.tools.common.toolspec.parser.TokenInputStream  - Peeking token src/main/resources/SimpleService.wsdl
352  [main] DEBUG org.apache.cxf.tools.common.toolspec.parser.Option  - switchArg is -fe
352  [main] DEBUG org.apache.cxf.tools.common.toolspec.parser.Option  - switchArg is -frontend
352  [main] DEBUG org.apache.cxf.tools.common.toolspec.parser.TokenInputStream  - Peeking token src/main/resources/SimpleService.wsdl
352  [main] DEBUG org.apache.cxf.tools.common.toolspec.parser.Option  - switchArg is -db
352  [main] DEBUG org.apache.cxf.tools.common.toolspec.parser.Option  - switchArg is -databinding
352  [main] DEBUG org.apache.cxf.tools.common.toolspec.parser.TokenInputStream  - Peeking token src/main/resources/SimpleService.wsdl
352  [main] DEBUG org.apache.cxf.tools.common.toolspec.parser.Option  - switchArg is -wv
352  [main] DEBUG org.apache.cxf.tools.common.toolspec.parser.TokenInputStream  - Peeking token src/main/resources/SimpleService.wsdl
352  [main] DEBUG org.apache.cxf.tools.common.toolspec.parser.Option  - switchArg is -p
352  [main] DEBUG org.apache.cxf.tools.common.toolspec.parser.TokenInputStream  - Peeking token src/main/resources/SimpleService.wsdl
352  [main] DEBUG org.apache.cxf.tools.common.toolspec.parser.Option  - switchArg is -sn
352  [main] DEBUG org.apache.cxf.tools.common.toolspec.parser.TokenInputStream  - Peeking token src/main/resources/SimpleService.wsdl
352  [main] DEBUG org.apache.cxf.tools.common.toolspec.parser.Option  - switchArg is -b
353  [main] DEBUG org.apache.cxf.tools.common.toolspec.parser.TokenInputStream  - Peeking token src/main/resources/SimpleService.wsdl
353  [main] DEBUG org.apache.cxf.tools.common.toolspec.parser.Option  - switchArg is -reserveClass
353  [main] DEBUG org.apache.cxf.tools.common.toolspec.parser.TokenInputStream  - Peeking token src/main/resources/SimpleService.wsdl
353  [main] DEBUG org.apache.cxf.tools.common.toolspec.parser.Option  - switchArg is -catalog
353  [main] DEBUG org.apache.cxf.tools.common.toolspec.parser.TokenInputStream  - Peeking token src/main/resources/SimpleService.wsdl
353  [main] DEBUG org.apache.cxf.tools.common.toolspec.parser.Option  - switchArg is -d
353  [main] DEBUG org.apache.cxf.tools.common.toolspec.parser.TokenInputStream  - Peeking token src/main/resources/SimpleService.wsdl
353  [main] DEBUG org.apache.cxf.tools.common.toolspec.parser.Option  - switchArg is -compile
353  [main] DEBUG org.apache.cxf.tools.common.toolspec.parser.TokenInputStream  - Peeking token src/main/resources/SimpleService.wsdl
353  [main] DEBUG org.apache.cxf.tools.common.toolspec.parser.Option  - switchArg is -classdir
353  [main] DEBUG org.apache.cxf.tools.common.toolspec.parser.TokenInputStream  - Peeking token src/main/resources/SimpleService.wsdl
353  [main] DEBUG org.apache.cxf.tools.common.toolspec.parser.Option  - switchArg is -impl
353  [main] DEBUG org.apache.cxf.tools.common.toolspec.parser.TokenInputStream  - Peeking token src/main/resources/SimpleService.wsdl
353  [main] DEBUG org.apache.cxf.tools.common.toolspec.parser.Option  - switchArg is -server
353  [main] DEBUG org.apache.cxf.tools.common.toolspec.parser.TokenInputStream  - Peeking token src/main/resources/SimpleService.wsdl
353  [main] DEBUG org.apache.cxf.tools.common.toolspec.parser.Option  - switchArg is -client
353  [main] DEBUG org.apache.cxf.tools.common.toolspec.parser.TokenInputStream  - Peeking token src/main/resources/SimpleService.wsdl
353  [main] DEBUG org.apache.cxf.tools.common.toolspec.parser.Option  - switchArg is -clientjar
353  [main] DEBUG org.apache.cxf.tools.common.toolspec.parser.TokenInputStream  - Peeking token src/main/resources/SimpleService.wsdl
353  [main] DEBUG org.apache.cxf.tools.common.toolspec.parser.Option  - switchArg is -all
353  [main] DEBUG org.apache.cxf.tools.common.toolspec.parser.TokenInputStream  - Peeking token src/main/resources/SimpleService.wsdl
353  [main] DEBUG org.apache.cxf.tools.common.toolspec.parser.Option  - switchArg is -autoNameResolution
353  [main] DEBUG org.apache.cxf.tools.common.toolspec.parser.TokenInputStream  - Peeking token src/main/resources/SimpleService.wsdl
353  [main] DEBUG org.apache.cxf.tools.common.toolspec.parser.Option  - switchArg is -allowElementReferences
353  [main] DEBUG org.apache.cxf.tools.common.toolspec.parser.Option  - switchArg is -aer
354  [main] DEBUG org.apache.cxf.tools.common.toolspec.parser.TokenInputStream  - Peeking token src/main/resources/SimpleService.wsdl
354  [main] DEBUG org.apache.cxf.tools.common.toolspec.parser.Option  - switchArg is -defaultValues
354  [main] DEBUG org.apache.cxf.tools.common.toolspec.parser.TokenInputStream  - Peeking token src/main/resources/SimpleService.wsdl
354  [main] DEBUG org.apache.cxf.tools.common.toolspec.parser.Option  - switchArg is -ant
354  [main] DEBUG org.apache.cxf.tools.common.toolspec.parser.TokenInputStream  - Peeking token src/main/resources/SimpleService.wsdl
354  [main] DEBUG org.apache.cxf.tools.common.toolspec.parser.Option  - switchArg is -nexclude
354  [main] DEBUG org.apache.cxf.tools.common.toolspec.parser.TokenInputStream  - Peeking token src/main/resources/SimpleService.wsdl
354  [main] DEBUG org.apache.cxf.tools.common.toolspec.parser.Option  - switchArg is -exsh
354  [main] DEBUG org.apache.cxf.tools.common.toolspec.parser.TokenInputStream  - Peeking token src/main/resources/SimpleService.wsdl
354  [main] DEBUG org.apache.cxf.tools.common.toolspec.parser.Option  - switchArg is -noTypes
354  [main] DEBUG org.apache.cxf.tools.common.toolspec.parser.TokenInputStream  - Peeking token src/main/resources/SimpleService.wsdl
354  [main] DEBUG org.apache.cxf.tools.common.toolspec.parser.Option  - switchArg is -dns
354  [main] DEBUG org.apache.cxf.tools.common.toolspec.parser.TokenInputStream  - Peeking token src/main/resources/SimpleService.wsdl
354  [main] DEBUG org.apache.cxf.tools.common.toolspec.parser.Option  - switchArg is -dex
354  [main] DEBUG org.apache.cxf.tools.common.toolspec.parser.TokenInputStream  - Peeking token src/main/resources/SimpleService.wsdl
354  [main] DEBUG org.apache.cxf.tools.common.toolspec.parser.Option  - switchArg is -validate
354  [main] DEBUG org.apache.cxf.tools.common.toolspec.parser.TokenInputStream  - Peeking token src/main/resources/SimpleService.wsdl
354  [main] DEBUG org.apache.cxf.tools.common.toolspec.parser.Option  - switchArg is -keep
354  [main] DEBUG org.apache.cxf.tools.common.toolspec.parser.TokenInputStream  - Peeking token src/main/resources/SimpleService.wsdl
354  [main] DEBUG org.apache.cxf.tools.common.toolspec.parser.Option  - switchArg is -wsdlLocation
354  [main] DEBUG org.apache.cxf.tools.common.toolspec.parser.TokenInputStream  - Peeking token src/main/resources/SimpleService.wsdl
354  [main] DEBUG org.apache.cxf.tools.common.toolspec.parser.Option  - switchArg is -xjc
354  [main] DEBUG org.apache.cxf.tools.common.toolspec.parser.TokenInputStream  - Peeking token src/main/resources/SimpleService.wsdl
354  [main] DEBUG org.apache.cxf.tools.common.toolspec.parser.Option  - switchArg is -asyncMethods
354  [main] DEBUG org.apache.cxf.tools.common.toolspec.parser.TokenInputStream  - Peeking token src/main/resources/SimpleService.wsdl
355  [main] DEBUG org.apache.cxf.tools.common.toolspec.parser.Option  - switchArg is -bareMethods
355  [main] DEBUG org.apache.cxf.tools.common.toolspec.parser.TokenInputStream  - Peeking token src/main/resources/SimpleService.wsdl
355  [main] DEBUG org.apache.cxf.tools.common.toolspec.parser.Option  - switchArg is -mimeMethods
355  [main] DEBUG org.apache.cxf.tools.common.toolspec.parser.TokenInputStream  - Peeking token src/main/resources/SimpleService.wsdl
355  [main] DEBUG org.apache.cxf.tools.common.toolspec.parser.Option  - switchArg is -noAddressBinding
355  [main] DEBUG org.apache.cxf.tools.common.toolspec.parser.TokenInputStream  - Peeking token src/main/resources/SimpleService.wsdl
355  [main] DEBUG org.apache.cxf.tools.common.toolspec.parser.Option  - switchArg is -faultSerialVersionUID
355  [main] DEBUG org.apache.cxf.tools.common.toolspec.parser.TokenInputStream  - Peeking token src/main/resources/SimpleService.wsdl
355  [main] DEBUG org.apache.cxf.tools.common.toolspec.parser.Option  - switchArg is -encoding
355  [main] DEBUG org.apache.cxf.tools.common.toolspec.parser.TokenInputStream  - Peeking token src/main/resources/SimpleService.wsdl
355  [main] DEBUG org.apache.cxf.tools.common.toolspec.parser.Option  - switchArg is -exceptionSuper
355  [main] DEBUG org.apache.cxf.tools.common.toolspec.parser.TokenInputStream  - Peeking token src/main/resources/SimpleService.wsdl
355  [main] DEBUG org.apache.cxf.tools.common.toolspec.parser.Option  - switchArg is -mark-generated
355  [main] DEBUG org.apache.cxf.tools.common.toolspec.parser.OptionGroup  - No option accepted the token, returning
355  [main] DEBUG org.apache.cxf.tools.common.toolspec.parser.OptionGroup  - Accepting token stream for optionGroup: common_options, tokens are now [ src/main/resources/SimpleService.wsdl ], running through 5 options
355  [main] DEBUG org.apache.cxf.tools.common.toolspec.parser.TokenInputStream  - Peeking token src/main/resources/SimpleService.wsdl
355  [main] DEBUG org.apache.cxf.tools.common.toolspec.parser.Option  - switchArg is -h
355  [main] DEBUG org.apache.cxf.tools.common.toolspec.parser.Option  - switchArg is -?
355  [main] DEBUG org.apache.cxf.tools.common.toolspec.parser.Option  - switchArg is -help
355  [main] DEBUG org.apache.cxf.tools.common.toolspec.parser.TokenInputStream  - Peeking token src/main/resources/SimpleService.wsdl
355  [main] DEBUG org.apache.cxf.tools.common.toolspec.parser.Option  - switchArg is -version
355  [main] DEBUG org.apache.cxf.tools.common.toolspec.parser.Option  - switchArg is -v
355  [main] DEBUG org.apache.cxf.tools.common.toolspec.parser.TokenInputStream  - Peeking token src/main/resources/SimpleService.wsdl
355  [main] DEBUG org.apache.cxf.tools.common.toolspec.parser.Option  - switchArg is -verbose
355  [main] DEBUG org.apache.cxf.tools.common.toolspec.parser.Option  - switchArg is -V
355  [main] DEBUG org.apache.cxf.tools.common.toolspec.parser.TokenInputStream  - Peeking token src/main/resources/SimpleService.wsdl
356  [main] DEBUG org.apache.cxf.tools.common.toolspec.parser.Option  - switchArg is -quiet
356  [main] DEBUG org.apache.cxf.tools.common.toolspec.parser.Option  - switchArg is -q
356  [main] DEBUG org.apache.cxf.tools.common.toolspec.parser.Option  - switchArg is -Q
356  [main] DEBUG org.apache.cxf.tools.common.toolspec.parser.TokenInputStream  - Peeking token src/main/resources/SimpleService.wsdl
356  [main] DEBUG org.apache.cxf.tools.common.toolspec.parser.Option  - switchArg is -wsdlList
356  [main] DEBUG org.apache.cxf.tools.common.toolspec.parser.OptionGroup  - No option accepted the token, returning
356  [main] DEBUG org.apache.cxf.tools.common.toolspec.parser.Option  - For this option, minOccurs= and maxOccurs=1, numMatches currently 0
356  [main] DEBUG org.apache.cxf.tools.common.toolspec.parser.Option  - isSatisfied() returning true
356  [main] DEBUG org.apache.cxf.tools.common.toolspec.parser.Option  - For this option, minOccurs= and maxOccurs=1, numMatches currently 0
356  [main] DEBUG org.apache.cxf.tools.common.toolspec.parser.Option  - isSatisfied() returning true
356  [main] DEBUG org.apache.cxf.tools.common.toolspec.parser.Option  - For this option, minOccurs= and maxOccurs=1, numMatches currently 0
356  [main] DEBUG org.apache.cxf.tools.common.toolspec.parser.Option  - isSatisfied() returning true
356  [main] DEBUG org.apache.cxf.tools.common.toolspec.parser.Option  - For this option, minOccurs= and maxOccurs=unbounded, numMatches currently 0
356  [main] DEBUG org.apache.cxf.tools.common.toolspec.parser.Option  - isSatisfied() returning true
356  [main] DEBUG org.apache.cxf.tools.common.toolspec.parser.Option  - For this option, minOccurs= and maxOccurs=, numMatches currently 0
356  [main] DEBUG org.apache.cxf.tools.common.toolspec.parser.Option  - isSatisfied() returning true
356  [main] DEBUG org.apache.cxf.tools.common.toolspec.parser.Option  - For this option, minOccurs= and maxOccurs=unbounded, numMatches currently 0
356  [main] DEBUG org.apache.cxf.tools.common.toolspec.parser.Option  - isSatisfied() returning true
356  [main] DEBUG org.apache.cxf.tools.common.toolspec.parser.Option  - For this option, minOccurs= and maxOccurs=unbounded, numMatches currently 0
356  [main] DEBUG org.apache.cxf.tools.common.toolspec.parser.Option  - isSatisfied() returning true
356  [main] DEBUG org.apache.cxf.tools.common.toolspec.parser.Option  - For this option, minOccurs= and maxOccurs=1, numMatches currently 0
356  [main] DEBUG org.apache.cxf.tools.common.toolspec.parser.Option  - isSatisfied() returning true
356  [main] DEBUG org.apache.cxf.tools.common.toolspec.parser.Option  - For this option, minOccurs= and maxOccurs=1, numMatches currently 1
356  [main] DEBUG org.apache.cxf.tools.common.toolspec.parser.Option  - isSatisfied() returning true
357  [main] DEBUG org.apache.cxf.tools.common.toolspec.parser.Option  - For this option, minOccurs= and maxOccurs=1, numMatches currently 0
357  [main] DEBUG org.apache.cxf.tools.common.toolspec.parser.Option  - isSatisfied() returning true
357  [main] DEBUG org.apache.cxf.tools.common.toolspec.parser.Option  - For this option, minOccurs= and maxOccurs=1, numMatches currently 0
357  [main] DEBUG org.apache.cxf.tools.common.toolspec.parser.Option  - isSatisfied() returning true
357  [main] DEBUG org.apache.cxf.tools.common.toolspec.parser.Option  - For this option, minOccurs= and maxOccurs=1, numMatches currently 0
357  [main] DEBUG org.apache.cxf.tools.common.toolspec.parser.Option  - isSatisfied() returning true
357  [main] DEBUG org.apache.cxf.tools.common.toolspec.parser.Option  - For this option, minOccurs= and maxOccurs=1, numMatches currently 1
357  [main] DEBUG org.apache.cxf.tools.common.toolspec.parser.Option  - isSatisfied() returning true
357  [main] DEBUG org.apache.cxf.tools.common.toolspec.parser.Option  - For this option, minOccurs= and maxOccurs=1, numMatches currently 0
357  [main] DEBUG org.apache.cxf.tools.common.toolspec.parser.Option  - isSatisfied() returning true
357  [main] DEBUG org.apache.cxf.tools.common.toolspec.parser.Option  - For this option, minOccurs= and maxOccurs=1, numMatches currently 0
357  [main] DEBUG org.apache.cxf.tools.common.toolspec.parser.Option  - isSatisfied() returning true
357  [main] DEBUG org.apache.cxf.tools.common.toolspec.parser.Option  - For this option, minOccurs= and maxOccurs=1, numMatches currently 0
357  [main] DEBUG org.apache.cxf.tools.common.toolspec.parser.Option  - isSatisfied() returning true
357  [main] DEBUG org.apache.cxf.tools.common.toolspec.parser.Option  - For this option, minOccurs= and maxOccurs=1, numMatches currently 0
357  [main] DEBUG org.apache.cxf.tools.common.toolspec.parser.Option  - isSatisfied() returning true
357  [main] DEBUG org.apache.cxf.tools.common.toolspec.parser.Option  - For this option, minOccurs= and maxOccurs=1, numMatches currently 0
357  [main] DEBUG org.apache.cxf.tools.common.toolspec.parser.Option  - isSatisfied() returning true
357  [main] DEBUG org.apache.cxf.tools.common.toolspec.parser.Option  - For this option, minOccurs= and maxOccurs=1, numMatches currently 0
357  [main] DEBUG org.apache.cxf.tools.common.toolspec.parser.Option  - isSatisfied() returning true
357  [main] DEBUG org.apache.cxf.tools.common.toolspec.parser.Option  - For this option, minOccurs= and maxOccurs=1, numMatches currently 0
357  [main] DEBUG org.apache.cxf.tools.common.toolspec.parser.Option  - isSatisfied() returning true
357  [main] DEBUG org.apache.cxf.tools.common.toolspec.parser.Option  - For this option, minOccurs= and maxOccurs=unbounded, numMatches currently 0
357  [main] DEBUG org.apache.cxf.tools.common.toolspec.parser.Option  - isSatisfied() returning true
357  [main] DEBUG org.apache.cxf.tools.common.toolspec.parser.Option  - For this option, minOccurs= and maxOccurs=1, numMatches currently 0
357  [main] DEBUG org.apache.cxf.tools.common.toolspec.parser.Option  - isSatisfied() returning true
358  [main] DEBUG org.apache.cxf.tools.common.toolspec.parser.Option  - For this option, minOccurs= and maxOccurs=1, numMatches currently 0
358  [main] DEBUG org.apache.cxf.tools.common.toolspec.parser.Option  - isSatisfied() returning true
358  [main] DEBUG org.apache.cxf.tools.common.toolspec.parser.Option  - For this option, minOccurs= and maxOccurs=1, numMatches currently 0
358  [main] DEBUG org.apache.cxf.tools.common.toolspec.parser.Option  - isSatisfied() returning true
358  [main] DEBUG org.apache.cxf.tools.common.toolspec.parser.Option  - For this option, minOccurs= and maxOccurs=1, numMatches currently 0
358  [main] DEBUG org.apache.cxf.tools.common.toolspec.parser.Option  - isSatisfied() returning true
358  [main] DEBUG org.apache.cxf.tools.common.toolspec.parser.Option  - For this option, minOccurs= and maxOccurs=1, numMatches currently 0
358  [main] DEBUG org.apache.cxf.tools.common.toolspec.parser.Option  - isSatisfied() returning true
358  [main] DEBUG org.apache.cxf.tools.common.toolspec.parser.Option  - For this option, minOccurs= and maxOccurs=1, numMatches currently 0
358  [main] DEBUG org.apache.cxf.tools.common.toolspec.parser.Option  - isSatisfied() returning true
358  [main] DEBUG org.apache.cxf.tools.common.toolspec.parser.Option  - For this option, minOccurs= and maxOccurs=1, numMatches currently 0
358  [main] DEBUG org.apache.cxf.tools.common.toolspec.parser.Option  - isSatisfied() returning true
358  [main] DEBUG org.apache.cxf.tools.common.toolspec.parser.Option  - For this option, minOccurs= and maxOccurs=unbounded, numMatches currently 0
358  [main] DEBUG org.apache.cxf.tools.common.toolspec.parser.Option  - isSatisfied() returning true
358  [main] DEBUG org.apache.cxf.tools.common.toolspec.parser.Option  - For this option, minOccurs= and maxOccurs=unbounded, numMatches currently 0
358  [main] DEBUG org.apache.cxf.tools.common.toolspec.parser.Option  - isSatisfied() returning true
358  [main] DEBUG org.apache.cxf.tools.common.toolspec.parser.Option  - For this option, minOccurs= and maxOccurs=unbounded, numMatches currently 0
358  [main] DEBUG org.apache.cxf.tools.common.toolspec.parser.Option  - isSatisfied() returning true
358  [main] DEBUG org.apache.cxf.tools.common.toolspec.parser.Option  - For this option, minOccurs= and maxOccurs=unbounded, numMatches currently 0
358  [main] DEBUG org.apache.cxf.tools.common.toolspec.parser.Option  - isSatisfied() returning true
358  [main] DEBUG org.apache.cxf.tools.common.toolspec.parser.Option  - For this option, minOccurs= and maxOccurs=1, numMatches currently 0
358  [main] DEBUG org.apache.cxf.tools.common.toolspec.parser.Option  - isSatisfied() returning true
358  [main] DEBUG org.apache.cxf.tools.common.toolspec.parser.Option  - For this option, minOccurs= and maxOccurs=1, numMatches currently 0
358  [main] DEBUG org.apache.cxf.tools.common.toolspec.parser.Option  - isSatisfied() returning true
358  [main] DEBUG org.apache.cxf.tools.common.toolspec.parser.Option  - For this option, minOccurs= and maxOccurs=1, numMatches currently 0
358  [main] DEBUG org.apache.cxf.tools.common.toolspec.parser.Option  - isSatisfied() returning true
359  [main] DEBUG org.apache.cxf.tools.common.toolspec.parser.Option  - For this option, minOccurs= and maxOccurs=1, numMatches currently 0
359  [main] DEBUG org.apache.cxf.tools.common.toolspec.parser.Option  - isSatisfied() returning true
359  [main] DEBUG org.apache.cxf.tools.common.toolspec.parser.Option  - For this option, minOccurs= and maxOccurs=1, numMatches currently 0
359  [main] DEBUG org.apache.cxf.tools.common.toolspec.parser.Option  - isSatisfied() returning true
359  [main] DEBUG org.apache.cxf.tools.common.toolspec.parser.Option  - For this option, minOccurs= and maxOccurs=1, numMatches currently 0
359  [main] DEBUG org.apache.cxf.tools.common.toolspec.parser.Option  - isSatisfied() returning true
359  [main] DEBUG org.apache.cxf.tools.common.toolspec.parser.Option  - For this option, minOccurs= and maxOccurs=, numMatches currently 0
359  [main] DEBUG org.apache.cxf.tools.common.toolspec.parser.Option  - isSatisfied() returning true
359  [main] DEBUG org.apache.cxf.tools.common.toolspec.parser.Option  - For this option, minOccurs= and maxOccurs=, numMatches currently 0
359  [main] DEBUG org.apache.cxf.tools.common.toolspec.parser.Option  - isSatisfied() returning true
359  [main] DEBUG org.apache.cxf.tools.common.toolspec.parser.Option  - For this option, minOccurs= and maxOccurs=, numMatches currently 0
359  [main] DEBUG org.apache.cxf.tools.common.toolspec.parser.Option  - isSatisfied() returning true
359  [main] DEBUG org.apache.cxf.tools.common.toolspec.parser.Option  - For this option, minOccurs= and maxOccurs=1, numMatches currently 0
359  [main] DEBUG org.apache.cxf.tools.common.toolspec.parser.Option  - isSatisfied() returning true
359  [main] DEBUG org.apache.cxf.tools.common.toolspec.parser.Argument  - Accepting token stream for argument: wsdlurl
359  [main] DEBUG org.apache.cxf.tools.common.toolspec.parser.TokenInputStream  - Peeking token src/main/resources/SimpleService.wsdl
359  [main] DEBUG org.apache.cxf.tools.common.toolspec.parser.TokenInputStream  - Reading token src/main/resources/SimpleService.wsdl
359  [main] DEBUG org.apache.cxf.tools.common.toolspec.parser.Form  - Form default is returning true
450  [main] DEBUG org.apache.cxf.tools.common.toolspec.parser.CommandLineParser  - <command xmlns="http://cxf.apache.org/Xutil/Command" xmlns:xsi="http://www.w3.org/2001/XMLSchema-instance" xsi:schemaLocation="http://cxf.apache.org/Xutil/Command http://cxf.apache.org/schema/xutil/commnad.xsd">
<option name="server"/>
<option name="outputdir">src/main/java</option>
<argument name="wsdlurl">src/main/resources/SimpleService.wsdl</argument>
</command>

450  [main] DEBUG org.apache.cxf.tools.common.toolspec.parser.CommandDocument  - Getting parameters for help
491  [main] DEBUG org.apache.cxf.tools.common.toolspec.ToolSpec  - Element with id help is [option: null]
491  [main] DEBUG org.apache.cxf.tools.common.toolspec.ToolSpec  - local name is option
491  [main] DEBUG org.apache.cxf.tools.common.toolspec.parser.CommandDocument  - Getting parameters for version
495  [main] DEBUG org.apache.cxf.tools.common.toolspec.ToolSpec  - Element with id version is [option: null]
495  [main] DEBUG org.apache.cxf.tools.common.toolspec.ToolSpec  - local name is option
495  [main] DEBUG org.apache.cxf.tools.common.toolspec.parser.CommandDocument  - Getting parameters for verbose
498  [main] DEBUG org.apache.cxf.tools.common.toolspec.ToolSpec  - Element with id verbose is [option: null]
498  [main] DEBUG org.apache.cxf.tools.common.toolspec.ToolSpec  - local name is option
498  [main] DEBUG org.apache.cxf.tools.common.toolspec.parser.CommandDocument  - Getting parameters for wsdlurl
498  [main] DEBUG org.apache.cxf.tools.common.toolspec.parser.CommandDocument  - Getting parameters for help
501  [main] DEBUG org.apache.cxf.tools.common.toolspec.ToolSpec  - Element with id help is [option: null]
501  [main] DEBUG org.apache.cxf.tools.common.toolspec.ToolSpec  - local name is option
501  [main] DEBUG org.apache.cxf.tools.common.toolspec.parser.CommandDocument  - Getting parameters for version
503  [main] DEBUG org.apache.cxf.tools.common.toolspec.ToolSpec  - Element with id version is [option: null]
503  [main] DEBUG org.apache.cxf.tools.common.toolspec.ToolSpec  - local name is option
503  [main] DEBUG org.apache.cxf.tools.common.toolspec.parser.CommandDocument  - Getting parameter server
503  [main] DEBUG org.apache.cxf.tools.common.toolspec.parser.CommandDocument  - Getting parameters for server
503  [main] DEBUG org.apache.cxf.tools.common.toolspec.parser.CommandDocument  - Getting parameter outputdir
503  [main] DEBUG org.apache.cxf.tools.common.toolspec.parser.CommandDocument  - Getting parameters for outputdir
503  [main] DEBUG org.apache.cxf.tools.common.toolspec.parser.CommandDocument  - Getting parameter wsdlurl
503  [main] DEBUG org.apache.cxf.tools.common.toolspec.parser.CommandDocument  - Getting parameters for wsdlurl
577  [main] DEBUG org.apache.cxf.resource.DefaultResourceManager  - resolving resource <org.apache.cxf.transport.http.asyncclient.AsyncHTTPConduitFactory/bus> type <interface org.apache.cxf.Bus>
577  [main] DEBUG org.apache.cxf.resource.DefaultResourceManager  - resolving resource <null> type <interface org.apache.cxf.Bus>
619  [main] DEBUG org.apache.cxf.resource.DefaultResourceManager  - resolving resource <org.apache.cxf.wsdl11.WSDLManagerImpl/bus> type <interface org.apache.cxf.Bus>
619  [main] DEBUG org.apache.cxf.resource.DefaultResourceManager  - resolving resource <null> type <interface org.apache.cxf.Bus>
710  [main] DEBUG org.apache.cxf.tools.wsdlto.core.WSDLDefinitionBuilder  - Registering : org.apache.cxf.binding.xml.wsdl11.HttpAddressPlugin for type: xml-javax.wsdl.Port
711  [main] DEBUG org.apache.cxf.tools.wsdlto.core.WSDLDefinitionBuilder  - Registering : org.apache.cxf.binding.soap.wsdl11.SoapAddressPlugin for type: soap-javax.wsdl.Port
711  [main] DEBUG org.apache.cxf.tools.wsdlto.core.WSDLDefinitionBuilder  - Registering : org.apache.cxf.binding.xml.wsdl11.XmlIoPlugin for type: xml-javax.wsdl.BindingOutput
711  [main] DEBUG org.apache.cxf.tools.wsdlto.core.WSDLDefinitionBuilder  - Registering : org.apache.cxf.binding.xml.wsdl11.XmlBindingPlugin for type: xml-javax.wsdl.Binding
711  [main] DEBUG org.apache.cxf.tools.wsdlto.core.WSDLDefinitionBuilder  - Registering : org.apache.cxf.transport.jms.wsdl11.JmsTransportPlugin for type: jms-javax.wsdl.Port
711  [main] DEBUG org.apache.cxf.tools.wsdlto.core.WSDLDefinitionBuilder  - Registering : org.apache.cxf.binding.xml.wsdl11.XmlIoPlugin for type: xml-javax.wsdl.BindingInput
